# JRE version: OpenJDK Runtime Environment (11.0.5+10) (build 11.0.5+10-b520.17)
# Java VM: OpenJDK 64-Bit Server VM (11.0.5+10-b520.17, mixed mode, tiered, compressed oops, concurrent mark sweep gc, linux-amd64)
Heap:
 par new generation   total 39296K, used 4102K [0x00000000d1200000, 0x00000000d3ca0000, 0x00000000e0c00000)
  eden space 34944K,   9% used [0x00000000d1200000, 0x00000000d154a708, 0x00000000d3420000)
  from space 4352K,  16% used [0x00000000d3860000, 0x00000000d3917200, 0x00000000d3ca0000)
  to   space 4352K,   0% used [0x00000000d3420000, 0x00000000d3420000, 0x00000000d3860000)
 concurrent mark-sweep generation total 197776K, used 119285K [0x00000000e0c00000, 0x00000000ecd24000, 0x0000000100000000)
 Metaspace       used 201257K, capacity 207473K, committed 207600K, reserved 1232896K
  class space    used 22094K, capacity 24576K, committed 24608K, reserved 1048576K
GC Heap History (20 events):
Event: 29879.336 GC heap before
{Heap before GC invocations=2291 (full 11):
 par new generation   total 39296K, used 36030K [0x00000000d1200000, 0x00000000d3ca0000, 0x00000000e0c00000)
  eden space 34944K, 100% used [0x00000000d1200000, 0x00000000d3420000, 0x00000000d3420000)
  from space 4352K,  24% used [0x00000000d3860000, 0x00000000d396fb60, 0x00000000d3ca0000)
  to   space 4352K,   0% used [0x00000000d3420000, 0x00000000d3420000, 0x00000000d3860000)
 concurrent mark-sweep generation total 197776K, used 118173K [0x00000000e0c00000, 0x00000000ecd24000, 0x0000000100000000)
 Metaspace       used 201222K, capacity 207465K, committed 207600K, reserved 1232896K
  class space    used 22092K, capacity 24575K, committed 24608K, reserved 1048576K
}
Event: 29879.339 GC heap after
{Heap after GC invocations=2292 (full 11):
 par new generation   total 39296K, used 698K [0x00000000d1200000, 0x00000000d3ca0000, 0x00000000e0c00000)
  eden space 34944K,   0% used [0x00000000d1200000, 0x00000000d1200000, 0x00000000d3420000)
  from space 4352K,  16% used [0x00000000d3420000, 0x00000000d34ceaf8, 0x00000000d3860000)
  to   space 4352K,   0% used [0x00000000d3860000, 0x00000000d3860000, 0x00000000d3ca0000)
 concurrent mark-sweep generation total 197776K, used 118252K [0x00000000e0c00000, 0x00000000ecd24000, 0x0000000100000000)
 Metaspace       used 201222K, capacity 207465K, committed 207600K, reserved 1232896K
  class space    used 22092K, capacity 24575K, committed 24608K, reserved 1048576K
}
Event: 29879.802 GC heap before
{Heap before GC invocations=2292 (full 11):
 par new generation   total 39296K, used 35642K [0x00000000d1200000, 0x00000000d3ca0000, 0x00000000e0c00000)
  eden space 34944K,  99% used [0x00000000d1200000, 0x00000000d341ffe0, 0x00000000d3420000)
  from space 4352K,  16% used [0x00000000d3420000, 0x00000000d34ceaf8, 0x00000000d3860000)
  to   space 4352K,   0% used [0x00000000d3860000, 0x00000000d3860000, 0x00000000d3ca0000)
 concurrent mark-sweep generation total 197776K, used 118252K [0x00000000e0c00000, 0x00000000ecd24000, 0x0000000100000000)
 Metaspace       used 201222K, capacity 207465K, committed 207600K, reserved 1232896K
  class space    used 22092K, capacity 24575K, committed 24608K, reserved 1048576K
}
Event: 29879.805 GC heap after
{Heap after GC invocations=2293 (full 11):
 par new generation   total 39296K, used 1132K [0x00000000d1200000, 0x00000000d3ca0000, 0x00000000e0c00000)
  eden space 34944K,   0% used [0x00000000d1200000, 0x00000000d1200000, 0x00000000d3420000)
  from space 4352K,  26% used [0x00000000d3860000, 0x00000000d397b008, 0x00000000d3ca0000)
  to   space 4352K,   0% used [0x00000000d3420000, 0x00000000d3420000, 0x00000000d3860000)
 concurrent mark-sweep generation total 197776K, used 118257K [0x00000000e0c00000, 0x00000000ecd24000, 0x0000000100000000)
 Metaspace       used 201222K, capacity 207465K, committed 207600K, reserved 1232896K
  class space    used 22092K, capacity 24575K, committed 24608K, reserved 1048576K
}
Event: 29880.029 GC heap before
{Heap before GC invocations=2293 (full 11):
 par new generation   total 39296K, used 36076K [0x00000000d1200000, 0x00000000d3ca0000, 0x00000000e0c00000)
  eden space 34944K, 100% used [0x00000000d1200000, 0x00000000d3420000, 0x00000000d3420000)
  from space 4352K,  26% used [0x00000000d3860000, 0x00000000d397b008, 0x00000000d3ca0000)
  to   space 4352K,   0% used [0x00000000d3420000, 0x00000000d3420000, 0x00000000d3860000)
 concurrent mark-sweep generation total 197776K, used 118257K [0x00000000e0c00000, 0x00000000ecd24000, 0x0000000100000000)
 Metaspace       used 201222K, capacity 207465K, committed 207600K, reserved 1232896K
  class space    used 22092K, capacity 24575K, committed 24608K, reserved 1048576K
}
Event: 29880.033 GC heap after
{Heap after GC invocations=2294 (full 11):
 par new generation   total 39296K, used 1919K [0x00000000d1200000, 0x00000000d3ca0000, 0x00000000e0c00000)
  eden space 34944K,   0% used [0x00000000d1200000, 0x00000000d1200000, 0x00000000d3420000)
  from space 4352K,  44% used [0x00000000d3420000, 0x00000000d35ffff8, 0x00000000d3860000)
  to   space 4352K,   0% used [0x00000000d3860000, 0x00000000d3860000, 0x00000000d3ca0000)
 concurrent mark-sweep generation total 197776K, used 118264K [0x00000000e0c00000, 0x00000000ecd24000, 0x0000000100000000)
 Metaspace       used 201222K, capacity 207465K, committed 207600K, reserved 1232896K
  class space    used 22092K, capacity 24575K, committed 24608K, reserved 1048576K
}
Event: 29883.470 GC heap before
{Heap before GC invocations=2294 (full 11):
 par new generation   total 39296K, used 36863K [0x00000000d1200000, 0x00000000d3ca0000, 0x00000000e0c00000)
  eden space 34944K, 100% used [0x00000000d1200000, 0x00000000d3420000, 0x00000000d3420000)
  from space 4352K,  44% used [0x00000000d3420000, 0x00000000d35ffff8, 0x00000000d3860000)
  to   space 4352K,   0% used [0x00000000d3860000, 0x00000000d3860000, 0x00000000d3ca0000)
 concurrent mark-sweep generation total 197776K, used 118264K [0x00000000e0c00000, 0x00000000ecd24000, 0x0000000100000000)
 Metaspace       used 201225K, capacity 207465K, committed 207600K, reserved 1232896K
  class space    used 22092K, capacity 24575K, committed 24608K, reserved 1048576K
}
Event: 29883.472 GC heap after
{Heap after GC invocations=2295 (full 11):
 par new generation   total 39296K, used 1985K [0x00000000d1200000, 0x00000000d3ca0000, 0x00000000e0c00000)
  eden space 34944K,   0% used [0x00000000d1200000, 0x00000000d1200000, 0x00000000d3420000)
  from space 4352K,  45% used [0x00000000d3860000, 0x00000000d3a50410, 0x00000000d3ca0000)
  to   space 4352K,   0% used [0x00000000d3420000, 0x00000000d3420000, 0x00000000d3860000)
 concurrent mark-sweep generation total 197776K, used 118272K [0x00000000e0c00000, 0x00000000ecd24000, 0x0000000100000000)
 Metaspace       used 201225K, capacity 207465K, committed 207600K, reserved 1232896K
  class space    used 22092K, capacity 24575K, committed 24608K, reserved 1048576K
}
Event: 29884.029 GC heap before
{Heap before GC invocations=2295 (full 11):
 par new generation   total 39296K, used 36929K [0x00000000d1200000, 0x00000000d3ca0000, 0x00000000e0c00000)
  eden space 34944K, 100% used [0x00000000d1200000, 0x00000000d3420000, 0x00000000d3420000)
  from space 4352K,  45% used [0x00000000d3860000, 0x00000000d3a50410, 0x00000000d3ca0000)
  to   space 4352K,   0% used [0x00000000d3420000, 0x00000000d3420000, 0x00000000d3860000)
 concurrent mark-sweep generation total 197776K, used 118272K [0x00000000e0c00000, 0x00000000ecd24000, 0x0000000100000000)
 Metaspace       used 201228K, capacity 207465K, committed 207600K, reserved 1232896K
  class space    used 22092K, capacity 24575K, committed 24608K, reserved 1048576K
}
Event: 29884.033 GC heap after
{Heap after GC invocations=2296 (full 11):
 par new generation   total 39296K, used 2110K [0x00000000d1200000, 0x00000000d3ca0000, 0x00000000e0c00000)
  eden space 34944K,   0% used [0x00000000d1200000, 0x00000000d1200000, 0x00000000d3420000)
  from space 4352K,  48% used [0x00000000d3420000, 0x00000000d362fac0, 0x00000000d3860000)
  to   space 4352K,   0% used [0x00000000d3860000, 0x00000000d3860000, 0x00000000d3ca0000)
 concurrent mark-sweep generation total 197776K, used 118303K [0x00000000e0c00000, 0x00000000ecd24000, 0x0000000100000000)
 Metaspace       used 201228K, capacity 207465K, committed 207600K, reserved 1232896K
  class space    used 22092K, capacity 24575K, committed 24608K, reserved 1048576K
}
Event: 29884.554 GC heap before
{Heap before GC invocations=2296 (full 11):
 par new generation   total 39296K, used 37054K [0x00000000d1200000, 0x00000000d3ca0000, 0x00000000e0c00000)
  eden space 34944K, 100% used [0x00000000d1200000, 0x00000000d3420000, 0x00000000d3420000)
  from space 4352K,  48% used [0x00000000d3420000, 0x00000000d362fac0, 0x00000000d3860000)
  to   space 4352K,   0% used [0x00000000d3860000, 0x00000000d3860000, 0x00000000d3ca0000)
 concurrent mark-sweep generation total 197776K, used 118303K [0x00000000e0c00000, 0x00000000ecd24000, 0x0000000100000000)
 Metaspace       used 201228K, capacity 207465K, committed 207600K, reserved 1232896K
  class space    used 22092K, capacity 24575K, committed 24608K, reserved 1048576K
}
Event: 29884.556 GC heap after
{Heap after GC invocations=2297 (full 11):
 par new generation   total 39296K, used 2335K [0x00000000d1200000, 0x00000000d3ca0000, 0x00000000e0c00000)
  eden space 34944K,   0% used [0x00000000d1200000, 0x00000000d1200000, 0x00000000d3420000)
  from space 4352K,  53% used [0x00000000d3860000, 0x00000000d3aa7f80, 0x00000000d3ca0000)
  to   space 4352K,   0% used [0x00000000d3420000, 0x00000000d3420000, 0x00000000d3860000)
 concurrent mark-sweep generation total 197776K, used 118316K [0x00000000e0c00000, 0x00000000ecd24000, 0x0000000100000000)
 Metaspace       used 201228K, capacity 207465K, committed 207600K, reserved 1232896K
  class space    used 22092K, capacity 24575K, committed 24608K, reserved 1048576K
}
Event: 29885.610 GC heap before
{Heap before GC invocations=2297 (full 11):
 par new generation   total 39296K, used 37279K [0x00000000d1200000, 0x00000000d3ca0000, 0x00000000e0c00000)
  eden space 34944K, 100% used [0x00000000d1200000, 0x00000000d3420000, 0x00000000d3420000)
  from space 4352K,  53% used [0x00000000d3860000, 0x00000000d3aa7f80, 0x00000000d3ca0000)
  to   space 4352K,   0% used [0x00000000d3420000, 0x00000000d3420000, 0x00000000d3860000)
 concurrent mark-sweep generation total 197776K, used 118316K [0x00000000e0c00000, 0x00000000ecd24000, 0x0000000100000000)
 Metaspace       used 201228K, capacity 207465K, committed 207600K, reserved 1232896K
  class space    used 22092K, capacity 24575K, committed 24608K, reserved 1048576K
}
Event: 29885.613 GC heap after
{Heap after GC invocations=2298 (full 11):
 par new generation   total 39296K, used 2375K [0x00000000d1200000, 0x00000000d3ca0000, 0x00000000e0c00000)
  eden space 34944K,   0% used [0x00000000d1200000, 0x00000000d1200000, 0x00000000d3420000)
  from space 4352K,  54% used [0x00000000d3420000, 0x00000000d3671ee0, 0x00000000d3860000)
  to   space 4352K,   0% used [0x00000000d3860000, 0x00000000d3860000, 0x00000000d3ca0000)
 concurrent mark-sweep generation total 197776K, used 118366K [0x00000000e0c00000, 0x00000000ecd24000, 0x0000000100000000)
 Metaspace       used 201228K, capacity 207465K, committed 207600K, reserved 1232896K
  class space    used 22092K, capacity 24575K, committed 24608K, reserved 1048576K
}
Event: 29891.853 GC heap before
{Heap before GC invocations=2298 (full 11):
 par new generation   total 39296K, used 37319K [0x00000000d1200000, 0x00000000d3ca0000, 0x00000000e0c00000)
  eden space 34944K, 100% used [0x00000000d1200000, 0x00000000d3420000, 0x00000000d3420000)
  from space 4352K,  54% used [0x00000000d3420000, 0x00000000d3671ee0, 0x00000000d3860000)
  to   space 4352K,   0% used [0x00000000d3860000, 0x00000000d3860000, 0x00000000d3ca0000)
 concurrent mark-sweep generation total 197776K, used 118366K [0x00000000e0c00000, 0x00000000ecd24000, 0x0000000100000000)
 Metaspace       used 201241K, capacity 207467K, committed 207600K, reserved 1232896K
  class space    used 22092K, capacity 24575K, committed 24608K, reserved 1048576K
}
Event: 29891.855 GC heap after
{Heap after GC invocations=2299 (full 11):
 par new generation   total 39296K, used 1933K [0x00000000d1200000, 0x00000000d3ca0000, 0x00000000e0c00000)
  eden space 34944K,   0% used [0x00000000d1200000, 0x00000000d1200000, 0x00000000d3420000)
  from space 4352K,  44% used [0x00000000d3860000, 0x00000000d3a435c0, 0x00000000d3ca0000)
  to   space 4352K,   0% used [0x00000000d3420000, 0x00000000d3420000, 0x00000000d3860000)
 concurrent mark-sweep generation total 197776K, used 118589K [0x00000000e0c00000, 0x00000000ecd24000, 0x0000000100000000)
 Metaspace       used 201241K, capacity 207467K, committed 207600K, reserved 1232896K
  class space    used 22092K, capacity 24575K, committed 24608K, reserved 1048576K
}
Event: 29892.120 GC heap before
{Heap before GC invocations=2299 (full 11):
 par new generation   total 39296K, used 36877K [0x00000000d1200000, 0x00000000d3ca0000, 0x00000000e0c00000)
  eden space 34944K,  99% used [0x00000000d1200000, 0x00000000d341ffb8, 0x00000000d3420000)
  from space 4352K,  44% used [0x00000000d3860000, 0x00000000d3a435c0, 0x00000000d3ca0000)
  to   space 4352K,   0% used [0x00000000d3420000, 0x00000000d3420000, 0x00000000d3860000)
 concurrent mark-sweep generation total 197776K, used 118589K [0x00000000e0c00000, 0x00000000ecd24000, 0x0000000100000000)
 Metaspace       used 201241K, capacity 207467K, committed 207600K, reserved 1232896K
  class space    used 22092K, capacity 24575K, committed 24608K, reserved 1048576K
}
Event: 29892.122 GC heap after
{Heap after GC invocations=2300 (full 11):
 par new generation   total 39296K, used 1280K [0x00000000d1200000, 0x00000000d3ca0000, 0x00000000e0c00000)
  eden space 34944K,   0% used [0x00000000d1200000, 0x00000000d1200000, 0x00000000d3420000)
  from space 4352K,  29% used [0x00000000d3420000, 0x00000000d3560120, 0x00000000d3860000)
  to   space 4352K,   0% used [0x00000000d3860000, 0x00000000d3860000, 0x00000000d3ca0000)
 concurrent mark-sweep generation total 197776K, used 119075K [0x00000000e0c00000, 0x00000000ecd24000, 0x0000000100000000)
 Metaspace       used 201241K, capacity 207467K, committed 207600K, reserved 1232896K
  class space    used 22092K, capacity 24575K, committed 24608K, reserved 1048576K
}
Event: 29893.576 GC heap before
{Heap before GC invocations=2300 (full 11):
 par new generation   total 39296K, used 36068K [0x00000000d1200000, 0x00000000d3ca0000, 0x00000000e0c00000)
  eden space 34944K,  99% used [0x00000000d1200000, 0x00000000d33f9048, 0x00000000d3420000)
  from space 4352K,  29% used [0x00000000d3420000, 0x00000000d3560120, 0x00000000d3860000)
  to   space 4352K,   0% used [0x00000000d3860000, 0x00000000d3860000, 0x00000000d3ca0000)
 concurrent mark-sweep generation total 197776K, used 119075K [0x00000000e0c00000, 0x00000000ecd24000, 0x0000000100000000)
 Metaspace       used 201246K, capacity 207473K, committed 207600K, reserved 1232896K
  class space    used 22093K, capacity 24576K, committed 24608K, reserved 1048576K
}
Event: 29893.579 GC heap after
{Heap after GC invocations=2301 (full 11):
 par new generation   total 39296K, used 732K [0x00000000d1200000, 0x00000000d3ca0000, 0x00000000e0c00000)
  eden space 34944K,   0% used [0x00000000d1200000, 0x00000000d1200000, 0x00000000d3420000)
  from space 4352K,  16% used [0x00000000d3860000, 0x00000000d3917200, 0x00000000d3ca0000)
  to   space 4352K,   0% used [0x00000000d3420000, 0x00000000d3420000, 0x00000000d3860000)
 concurrent mark-sweep generation total 197776K, used 119285K [0x00000000e0c00000, 0x00000000ecd24000, 0x0000000100000000)
 Metaspace       used 201246K, capacity 207473K, committed 207600K, reserved 1232896K
  class space    used 22093K, capacity 24576K, committed 24608K, reserved 1048576K
}

